main.obj : warning LNK4075: ignoring '/EDITANDCONTINUE' due to '/INCREMENTAL:NO' specification
main.obj : error LNK2019: unresolved external symbol __imp__glClear@4 referenced in function _main
main.obj : error LNK2019: unresolved external symbol __imp__glClearColor@16 referenced in function _main
main.obj : error LNK2019: unresolved external symbol __imp__glDrawArrays@12 referenced in function _main
main.obj : error LNK2019: unresolved external symbol __imp__glEnable@4 referenced in function _main
main.obj : error LNK2019: unresolved external symbol __imp__glFlush@0 referenced in function _main
main.obj : error LNK2019: unresolved external symbol __imp__glViewport@16 referenced in function "void __cdecl framebuffer_size_callback(struct GLFWwindow *,int,int)" (?framebuffer_size_callback@@YAXPAUGLFWwindow@@HH@Z)
main.obj : error LNK2019: unresolved external symbol _glewInit@0 referenced in function _main
main.obj : error LNK2019: unresolved external symbol _glfwInit referenced in function _main
main.obj : error LNK2019: unresolved external symbol _glfwTerminate referenced in function _main
main.obj : error LNK2019: unresolved external symbol _glfwWindowHint referenced in function _main
main.obj : error LNK2019: unresolved external symbol _glfwCreateWindow referenced in function _main
main.obj : error LNK2019: unresolved external symbol _glfwWindowShouldClose referenced in function _main
main.obj : error LNK2019: unresolved external symbol _glfwSetFramebufferSizeCallback referenced in function _main
main.obj : error LNK2019: unresolved external symbol _glfwPollEvents referenced in function _main
main.obj : error LNK2019: unresolved external symbol _glfwSetInputMode referenced in function _main
main.obj : error LNK2019: unresolved external symbol _glfwGetKey referenced in function "void __cdecl process_input(struct GLFWwindow *)" (?process_input@@YAXPAUGLFWwindow@@@Z)
main.obj : error LNK2019: unresolved external symbol _glfwSetCursorPos referenced in function _main
main.obj : error LNK2019: unresolved external symbol _glfwSetCursorPosCallback referenced in function _main
main.obj : error LNK2019: unresolved external symbol _glfwSetScrollCallback referenced in function _main
main.obj : error LNK2019: unresolved external symbol _glfwGetTime referenced in function _main
main.obj : error LNK2019: unresolved external symbol _glfwMakeContextCurrent referenced in function _main
main.obj : error LNK2019: unresolved external symbol _glfwSwapBuffers referenced in function _main
main.obj : error LNK2019: unresolved external symbol _glfwSwapInterval referenced in function _main
main.obj : error LNK2001: unresolved external symbol ___glewBindBuffer
main.obj : error LNK2001: unresolved external symbol ___glewBufferData
main.obj : error LNK2001: unresolved external symbol ___glewGenBuffers
main.obj : error LNK2001: unresolved external symbol ___glewDeleteProgram
main.obj : error LNK2001: unresolved external symbol ___glewEnableVertexAttribArray
main.obj : error LNK2001: unresolved external symbol ___glewGetUniformLocation
main.obj : error LNK2001: unresolved external symbol ___glewUniform3fv
main.obj : error LNK2001: unresolved external symbol ___glewUniformMatrix4fv
main.obj : error LNK2001: unresolved external symbol ___glewUseProgram
main.obj : error LNK2001: unresolved external symbol ___glewVertexAttribPointer
main.obj : error LNK2001: unresolved external symbol ___glewBindVertexArray
main.obj : error LNK2001: unresolved external symbol ___glewDeleteVertexArrays
main.obj : error LNK2001: unresolved external symbol ___glewGenVertexArrays
opengl.obj : error LNK2019: unresolved external symbol __imp__glGetError@0 referenced in function "void __cdecl gl_clear_error(void)" (?gl_clear_error@@YAXXZ)
opengl.obj : error LNK2001: unresolved external symbol ___glewAttachShader
opengl.obj : error LNK2001: unresolved external symbol ___glewCompileShader
opengl.obj : error LNK2001: unresolved external symbol ___glewCreateProgram
opengl.obj : error LNK2001: unresolved external symbol ___glewCreateShader
opengl.obj : error LNK2001: unresolved external symbol ___glewDeleteShader
opengl.obj : error LNK2001: unresolved external symbol ___glewGetShaderInfoLog
opengl.obj : error LNK2001: unresolved external symbol ___glewGetShaderiv
opengl.obj : error LNK2001: unresolved external symbol ___glewLinkProgram
opengl.obj : error LNK2001: unresolved external symbol ___glewShaderSource
opengl.obj : error LNK2001: unresolved external symbol ___glewValidateProgram
C:\Users\Nilson\GenomeEngineRenewed\Debug\GenomeEngineRenewed.exe : fatal error LNK1120: 47 unresolved externals
