main.obj : error LNK2001: unresolved external symbol _glfwSwapBuffers
main.obj : error LNK2001: unresolved external symbol ___glewEnableVertexAttribArray
main.obj : error LNK2001: unresolved external symbol ___glewBindVertexArray
main.obj : error LNK2001: unresolved external symbol ___glewUseProgram
main.obj : error LNK2001: unresolved external symbol _glfwSetFramebufferSizeCallback
main.obj : error LNK2001: unresolved external symbol __imp__glViewport@16
main.obj : error LNK2001: unresolved external symbol ___glewVertexAttribPointer
main.obj : error LNK2001: unresolved external symbol _glfwSwapInterval
main.obj : error LNK2001: unresolved external symbol __imp__glClear@4
main.obj : error LNK2001: unresolved external symbol ___glewBindBuffer
main.obj : error LNK2001: unresolved external symbol _glfwGetTime
main.obj : error LNK2001: unresolved external symbol _glfwGetKey
main.obj : error LNK2001: unresolved external symbol __imp__glEnable@4
main.obj : error LNK2001: unresolved external symbol _glfwTerminate
main.obj : error LNK2001: unresolved external symbol _glfwPollEvents
main.obj : error LNK2001: unresolved external symbol _glfwInit
main.obj : error LNK2001: unresolved external symbol ___glewDeleteVertexArrays
main.obj : error LNK2001: unresolved external symbol _glfwSetScrollCallback
main.obj : error LNK2001: unresolved external symbol _glfwCreateWindow
main.obj : error LNK2001: unresolved external symbol _glfwWindowHint
main.obj : error LNK2001: unresolved external symbol ___glewGetUniformLocation
main.obj : error LNK2001: unresolved external symbol _glfwSetInputMode
main.obj : error LNK2001: unresolved external symbol _glfwMakeContextCurrent
main.obj : error LNK2001: unresolved external symbol ___glewBufferData
main.obj : error LNK2001: unresolved external symbol ___glewDeleteProgram
main.obj : error LNK2001: unresolved external symbol _glfwSetCursorPos
main.obj : error LNK2001: unresolved external symbol ___glewGenVertexArrays
main.obj : error LNK2001: unresolved external symbol __imp__glClearColor@16
main.obj : error LNK2001: unresolved external symbol __imp__glDrawArrays@12
main.obj : error LNK2001: unresolved external symbol ___glewUniformMatrix4fv
main.obj : error LNK2001: unresolved external symbol __imp__glFlush@0
main.obj : error LNK2001: unresolved external symbol _glfwSetCursorPosCallback
main.obj : error LNK2001: unresolved external symbol ___glewGenBuffers
main.obj : error LNK2001: unresolved external symbol _glfwWindowShouldClose
main.obj : error LNK2001: unresolved external symbol _glewInit@0
main.obj : error LNK2001: unresolved external symbol ___glewUniform3fv
opengl.obj : error LNK2001: unresolved external symbol ___glewGetShaderiv
opengl.obj : error LNK2001: unresolved external symbol ___glewCompileShader
opengl.obj : error LNK2001: unresolved external symbol ___glewCreateShader
opengl.obj : error LNK2001: unresolved external symbol ___glewCreateProgram
opengl.obj : error LNK2001: unresolved external symbol ___glewGetShaderInfoLog
opengl.obj : error LNK2001: unresolved external symbol ___glewValidateProgram
opengl.obj : error LNK2001: unresolved external symbol ___glewAttachShader
opengl.obj : error LNK2001: unresolved external symbol ___glewShaderSource
opengl.obj : error LNK2001: unresolved external symbol ___glewDeleteShader
opengl.obj : error LNK2001: unresolved external symbol ___glewLinkProgram
opengl.obj : error LNK2001: unresolved external symbol __imp__glGetError@0
MSVCRT.lib(exe_winmain.obj) : error LNK2001: unresolved external symbol _WinMain@16
C:\Users\Nilson\GenomeEngineRenewed\Release\GenomeEngineRenewed.exe : fatal error LNK1120: 48 unresolved externals
